This is pdfTeX, Version 3.14159265-2.6-1.40.16 (MiKTeX 2.9) (preloaded format=pdflatex 2016.5.8)  28 NOV 2016 07:58
entering extended mode
**./essay.tex
(essay.tex
LaTeX2e <2015/10/01> patch level 2
Babel <3.9n> and hyphenation patterns for 69 languages loaded.

("C:\Users\Emiljano\AppData\Local\Programs\MiKTeX 2.9\tex\latex\base\article.cl
s"
Document Class: article 2014/09/29 v1.4h Standard LaTeX document class
("C:\Users\Emiljano\AppData\Local\Programs\MiKTeX 2.9\tex\latex\base\size10.clo
"
File: size10.clo 2014/09/29 v1.4h Standard LaTeX file (size option)
)
\c@part=\count79
\c@section=\count80
\c@subsection=\count81
\c@subsubsection=\count82
\c@paragraph=\count83
\c@subparagraph=\count84
\c@figure=\count85
\c@table=\count86
\abovecaptionskip=\skip41
\belowcaptionskip=\skip42
\bibindent=\dimen102
)
("C:\Users\Emiljano\AppData\Local\Programs\MiKTeX 2.9\tex\latex\microtype\micro
type.sty"
Package: microtype 2016/05/01 v2.6 Micro-typographical refinements (RS)

("C:\Users\Emiljano\AppData\Local\Programs\MiKTeX 2.9\tex\latex\graphics\keyval
.sty"
Package: keyval 2014/10/28 v1.15 key=value parser (DPC)
\KV@toks@=\toks14
)
\MT@toks=\toks15
\MT@count=\count87
LaTeX Info: Redefining \textls on input line 774.
\MT@outer@kern=\dimen103
LaTeX Info: Redefining \textmicrotypecontext on input line 1310.
\MT@listname@count=\count88

("C:\Users\Emiljano\AppData\Local\Programs\MiKTeX 2.9\tex\latex\microtype\micro
type-pdftex.def"
File: microtype-pdftex.def 2016/05/01 v2.6 Definitions specific to pdftex (RS)
LaTeX Info: Redefining \lsstyle on input line 916.
LaTeX Info: Redefining \lslig on input line 916.
\MT@outer@space=\skip43
)
Package microtype Info: Loading configuration file microtype.cfg.

("C:\Users\Emiljano\AppData\Local\Programs\MiKTeX 2.9\tex\latex\microtype\micro
type.cfg"
File: microtype.cfg 2016/05/01 v2.6 microtype main configuration file (RS)
))
("C:\Users\Emiljano\AppData\Local\Programs\MiKTeX 2.9\tex\latex\graphics\graphi
cx.sty"
Package: graphicx 2014/10/28 v1.0g Enhanced LaTeX Graphics (DPC,SPQR)

("C:\Users\Emiljano\AppData\Local\Programs\MiKTeX 2.9\tex\latex\graphics\graphi
cs.sty"
Package: graphics 2014/10/28 v1.0p Standard LaTeX Graphics (DPC,SPQR)

("C:\Users\Emiljano\AppData\Local\Programs\MiKTeX 2.9\tex\latex\graphics\trig.s
ty"
Package: trig 1999/03/16 v1.09 sin cos tan (DPC)
)
("C:\Users\Emiljano\AppData\Local\Programs\MiKTeX 2.9\tex\latex\00miktex\graphi
cs.cfg"
File: graphics.cfg 2007/01/18 v1.5 graphics configuration of teTeX/TeXLive
)
Package graphics Info: Driver file: pdftex.def on input line 94.

("C:\Users\Emiljano\AppData\Local\Programs\MiKTeX 2.9\tex\latex\pdftex-def\pdft
ex.def"
File: pdftex.def 2011/05/27 v0.06d Graphics/color for pdfTeX

("C:\Users\Emiljano\AppData\Local\Programs\MiKTeX 2.9\tex\generic\oberdiek\infw
arerr.sty"
Package: infwarerr 2010/04/08 v1.3 Providing info/warning/error messages (HO)
)
("C:\Users\Emiljano\AppData\Local\Programs\MiKTeX 2.9\tex\generic\oberdiek\ltxc
mds.sty"
Package: ltxcmds 2011/11/09 v1.22 LaTeX kernel commands for general use (HO)
)
\Gread@gobject=\count89
))
\Gin@req@height=\dimen104
\Gin@req@width=\dimen105
)
("C:\Users\Emiljano\AppData\Local\Programs\MiKTeX 2.9\tex\latex\wrapfig\wrapfig
.sty"
\wrapoverhang=\dimen106
\WF@size=\dimen107
\c@WF@wrappedlines=\count90
\WF@box=\box26
\WF@everypar=\toks16
Package: wrapfig 2003/01/31  v 3.6
)
("C:\Users\Emiljano\AppData\Local\Programs\MiKTeX 2.9\tex\latex\psnfss\mathpazo
.sty"
Package: mathpazo 2005/04/12 PSNFSS-v9.2a Palatino w/ Pazo Math (D.Puga, WaS) 
\symupright=\mathgroup4
)
("C:\Users\Emiljano\AppData\Local\Programs\MiKTeX 2.9\tex\latex\base\fontenc.st
y"
Package: fontenc 2005/09/27 v1.99g Standard LaTeX package

("C:\Users\Emiljano\AppData\Local\Programs\MiKTeX 2.9\tex\latex\base\t1enc.def"
File: t1enc.def 2005/09/27 v1.99g Standard LaTeX file
LaTeX Font Info:    Redeclaring font encoding T1 on input line 48.
))

LaTeX Warning: Unused global option(s):
    [article].

(essay.aux)
\openout1 = `essay.aux'.

LaTeX Font Info:    Checking defaults for OML/cmm/m/it on input line 40.
LaTeX Font Info:    ... okay on input line 40.
LaTeX Font Info:    Checking defaults for T1/cmr/m/n on input line 40.
LaTeX Font Info:    ... okay on input line 40.
LaTeX Font Info:    Checking defaults for OT1/cmr/m/n on input line 40.
LaTeX Font Info:    ... okay on input line 40.
LaTeX Font Info:    Checking defaults for OMS/cmsy/m/n on input line 40.
LaTeX Font Info:    ... okay on input line 40.
LaTeX Font Info:    Checking defaults for OMX/cmex/m/n on input line 40.
LaTeX Font Info:    ... okay on input line 40.
LaTeX Font Info:    Checking defaults for U/cmr/m/n on input line 40.
LaTeX Font Info:    ... okay on input line 40.
LaTeX Font Info:    Try loading font information for T1+ppl on input line 40.

("C:\Users\Emiljano\AppData\Local\Programs\MiKTeX 2.9\tex\latex\psnfss\t1ppl.fd
"
File: t1ppl.fd 2001/06/04 font definitions for T1/ppl.
)
LaTeX Info: Redefining \microtypecontext on input line 40.
Package microtype Info: Generating PDF output.
Package microtype Info: Character protrusion enabled (level 2).
Package microtype Info: Using default protrusion set `alltext'.
Package microtype Info: Automatic font expansion enabled (level 2),
(microtype)             stretch: 20, shrink: 20, step: 1, non-selected.
Package microtype Info: Using default expansion set `basictext'.
Package microtype Info: No adjustment of tracking.
Package microtype Info: No adjustment of interword spacing.
Package microtype Info: No adjustment of character kerning.

("C:\Users\Emiljano\AppData\Local\Programs\MiKTeX 2.9\tex\latex\microtype\mt-pp
l.cfg"
File: mt-ppl.cfg 2005/11/16 v1.6 microtype config. file: Palatino (RS)
)
("C:\Users\Emiljano\AppData\Local\Programs\MiKTeX 2.9\tex\context\base\supp-pdf
.mkii"
[Loading MPS to PDF converter (version 2006.09.02).]
\scratchcounter=\count91
\scratchdimen=\dimen108
\scratchbox=\box27
\nofMPsegments=\count92
\nofMParguments=\count93
\everyMPshowfont=\toks17
\MPscratchCnt=\count94
\MPscratchDim=\dimen109
\MPnumerator=\count95
\makeMPintoPDFobject=\count96
\everyMPtoPDFconversion=\toks18
)
\big@size=\dimen110
LaTeX Font Info:    Font shape `T1/ppl/bx/n' in size <14.4> not available
(Font)              Font shape `T1/ppl/b/n' tried instead on input line 46.
LaTeX Font Info:    Font shape `T1/ppl/bx/n' in size <10> not available
(Font)              Font shape `T1/ppl/b/n' tried instead on input line 57.
 [1

{C:/Users/Emiljano/AppData/Local/MiKTeX/2.9/pdftex/config/pdftex.map}]
LaTeX Font Info:    Font shape `T1/ppl/bx/n' in size <12> not available
(Font)              Font shape `T1/ppl/b/n' tried instead on input line 70.

[2]
Underfull \hbox (badness 10000) in paragraph at lines 80--84

 []

(essay.bbl [3]) [4] (essay.aux) ) 
Here is how much of TeX's memory you used:
 3062 strings out of 493634
 47002 string characters out of 3134016
 130087 words of memory out of 3000000
 6336 multiletter control sequences out of 15000+200000
 25739 words of font info for 108 fonts, out of 3000000 for 9000
 1025 hyphenation exceptions out of 8191
 31i,4n,38p,824b,175s stack positions out of 5000i,500n,10000p,200000b,50000s
{C:/Users/Emiljano/AppData/Local/Programs/MiKT
eX 2.9/fonts/enc/dvips/fontname/8r.enc}<C:/Users/Emiljano/AppData/Local/Program
s/MiKTeX 2.9/fonts/type1/urw/palatino/uplb8a.pfb><C:/Users/Emiljano/AppData/Loc
al/Programs/MiKTeX 2.9/fonts/type1/urw/palatino/uplr8a.pfb><C:/Users/Emiljano/A
ppData/Local/Programs/MiKTeX 2.9/fonts/type1/urw/palatino/uplri8a.pfb>
Output written on essay.pdf (4 pages, 67097 bytes).
PDF statistics:
 28 PDF objects out of 1000 (max. 8388607)
 0 named destinations out of 1000 (max. 500000)
 23041 words of extra memory for PDF output out of 24883 (max. 10000000)

